#
# There is insufficient memory for the Java Runtime Environment to continue.
# Native memory allocation (malloc) failed to allocate 43152 bytes for Chunk::new
# Possible reasons:
#   The system is out of physical RAM or swap space
#   In 32 bit mode, the process size limit was hit
# Possible solutions:
#   Reduce memory load on the system
#   Increase physical memory or swap space
#   Check if swap backing store is full
#   Use 64 bit Java on a 64 bit OS
#   Decrease Java heap size (-Xmx/-Xms)
#   Decrease number of Java threads
#   Decrease Java thread stack sizes (-Xss)
#   Set larger code cache with -XX:ReservedCodeCacheSize=
# This output file may be truncated or incomplete.
#
#  Out of Memory Error (allocation.cpp:390), pid=4084, tid=188
#
# JRE version: Java(TM) SE Runtime Environment (8.0_91-b14) (build 1.8.0_91-b14)
# Java VM: Java HotSpot(TM) 64-Bit Server VM (25.91-b14 mixed mode windows-amd64 compressed oops)
# Failed to write core dump. Minidumps are not enabled by default on client versions of Windows
#

---------------  T H R E A D  ---------------

Current thread (0x00000000146b8000):  JavaThread "C2 CompilerThread0" daemon [_thread_in_native, id=188, stack(0x00000000156d0000,0x00000000157d0000)]

Stack: [0x00000000156d0000,0x00000000157d0000]
[error occurred during error reporting (printing stack bounds), id 0xc0000005]

Native frames: (J=compiled Java code, j=interpreted, Vv=VM code, C=native code)


Current CompileTask:
C2:    351  261       4       com.android.dx.rop.cst.CstString::utf8BytesToString (391 bytes)


---------------  P R O C E S S  ---------------

Java Threads: ( => current thread )
  0x0000000015cf0000 JavaThread "pool-1-thread-4" [_thread_new, id=4624, stack(0x0000000000000000,0x0000000000000000)]
  0x0000000015cec800 JavaThread "pool-1-thread-3" [_thread_new, id=2180, stack(0x0000000000000000,0x0000000000000000)]
  0x0000000015ce8000 JavaThread "pool-1-thread-2" [_thread_new, id=5916, stack(0x0000000000000000,0x0000000000000000)]
  0x0000000015cd9800 JavaThread "pool-2-thread-1" [_thread_new, id=6752, stack(0x0000000000000000,0x0000000000000000)]
  0x0000000015d01800 JavaThread "pool-1-thread-1" [_thread_new, id=2480, stack(0x0000000000000000,0x0000000000000000)]
  0x000000001472c000 JavaThread "Service Thread" daemon [_thread_blocked, id=4656, stack(0x00000000158d0000,0x00000000159d0000)]
  0x00000000146bc000 JavaThread "C1 CompilerThread1" daemon [_thread_blocked, id=7108, stack(0x00000000157d0000,0x00000000158d0000)]
=>0x00000000146b8000 JavaThread "C2 CompilerThread0" daemon [_thread_in_native, id=188, stack(0x00000000156d0000,0x00000000157d0000)]
  0x00000000146b7000 JavaThread "Attach Listener" daemon [_thread_blocked, id=6096, stack(0x00000000155d0000,0x00000000156d0000)]
  0x00000000146b3800 JavaThread "Signal Dispatcher" daemon [_thread_blocked, id=492, stack(0x00000000154d0000,0x00000000155d0000)]
  0x00000000146a8800 JavaThread "Finalizer" daemon [_thread_blocked, id=5888, stack(0x00000000152f0000,0x00000000153f0000)]
  0x000000000221d800 JavaThread "Reference Handler" daemon [_thread_blocked, id=4768, stack(0x00000000151f0000,0x00000000152f0000)]
  0x0000000002130800 JavaThread "main" [_thread_in_vm, id=3264, stack(0x0000000001ee0000,0x0000000001fe0000)]

Other Threads:
  0x0000000014686000 VMThread [stack: 0x00000000150f0000,0x00000000151f0000] [id=6764]
  0x0000000014730800 WatcherThread [stack: 0x00000000159d0000,0x0000000015ad0000] [id=2608]

VM state:not at safepoint (normal execution)

VM Mutex/Monitor currently owned by a thread:  ([mutex/lock_event])
[0x000000000202bca0] SystemDictionary_lock - owner thread: 0x0000000000000000

Heap:
 PSYoungGen      total 18944K, used 5950K [0x00000000eab00000, 0x00000000ec000000, 0x0000000100000000)
  eden space 16384K, 36% used [0x00000000eab00000,0x00000000eb0cf958,0x00000000ebb00000)
  from space 2560K, 0% used [0x00000000ebd80000,0x00000000ebd80000,0x00000000ec000000)
  to   space 2560K, 0% used [0x00000000ebb00000,0x00000000ebb00000,0x00000000ebd80000)
 ParOldGen       total 44032K, used 0K [0x00000000c0000000, 0x00000000c2b00000, 0x00000000eab00000)
  object space 44032K, 0% used [0x00000000c0000000,0x00000000c0000000,0x00000000c2b00000)
 Metaspace       used 4059K, capacity 5168K, committed 5376K, reserved 1056768K
  class space    used 454K, capacity 488K, committed 512K, reserved 1048576K

Card table byte_map: [0x00000000115f0000,0x0000000011800000] byte_map_base: 0x0000000010ff0000

Marking Bits: (ParMarkBitMap*) 0x00000000536f2f70
 Begin Bits: [0x0000000011b60000, 0x0000000012b60000)
 End Bits:   [0x0000000012b60000, 0x0000000013b60000)

Polling page: 0x00000000006c0000

CodeCache: size=245760Kb used=1723Kb max_used=1723Kb free=244036Kb
 bounds [0x0000000002230000, 0x00000000024a0000, 0x0000000011230000]
 total_blobs=517 nmethods=261 adapters=171
 compilation: enabled

Compilation events (10 events):
Event: 0.343 Thread 0x00000000146bc000  254       1       com.android.dx.rop.type.Type::getDescriptor (5 bytes)
Event: 0.343 Thread 0x00000000146bc000 nmethod 254 0x00000000023cf210 code [0x00000000023cf360, 0x00000000023cf470]
Event: 0.343 Thread 0x00000000146bc000  255       3       com.android.dx.util.MutabilityControl::setImmutable (6 bytes)
Event: 0.343 Thread 0x00000000146bc000 nmethod 255 0x00000000023cf4d0 code [0x00000000023cf620, 0x00000000023cf770]
Event: 0.343 Thread 0x00000000146bc000  256       3       java.lang.String::substring (56 bytes)
Event: 0.343 Thread 0x00000000146bc000 nmethod 256 0x00000000023cf810 code [0x00000000023cf9a0, 0x00000000023cfd48]
Event: 0.343 Thread 0x00000000146bc000  257   !   3       com.android.dx.cf.direct.AttributeFactory::parse (248 bytes)
Event: 0.345 Thread 0x00000000146b8000  261       4       com.android.dx.rop.cst.CstString::utf8BytesToString (391 bytes)
Event: 0.346 Thread 0x00000000146bc000 nmethod 257 0x00000000023cfed0 code [0x00000000023d04c0, 0x00000000023d4328]
Event: 0.346 Thread 0x00000000146bc000  258       3       com.android.dx.cf.direct.StdAttributeFactory::parse0 (532 bytes)

GC Heap History (0 events):
No events

Deoptimization events (0 events):
No events

Internal exceptions (2 events):
Event: 0.070 Thread 0x0000000002130800 Exception <a 'java/lang/NoSuchMethodError': Method sun.misc.Unsafe.defineClass(Ljava/lang/String;[BII)Ljava/lang/Class; name or signature does not match> (0x00000000eab07cc0) thrown at [C:\re\workspace\8-2-build-windows-amd64-cygwin\jdk8u91\6644\hotspot\sr~ßÞhÉö±?
Event: 0.070 Thread 0x0000000002130800 Exception <a 'java/lang/NoSuchMethodError': Method sun.misc.Unsafe.prefetchRead(Ljava/lang/Object;J)V name or signature does not match> (0x00000000eab07fa8) thrown at [C:\re\workspace\8-2-build-windows-amd64-cygwin\jdk8u91\6644\hotspot\src\share\vm\prims\j

Events (10 events):
Event: 0.339 loading class com/android/dx/rop/annotation/AnnotationVisibility
Event: 0.339 loading class com/android/dx/rop/annotation/AnnotationVisibility done
Event: 0.340 loading class com/android/dx/rop/annotation/Annotations
Event: 0.340 loading class com/android/dx/rop/annotation/Annotations done
Event: 0.340 loading class com/android/dx/rop/annotation/Annotation
Event: 0.340 loading class com/android/dx/rop/annotation/Annotation done
Event: 0.341 loading class com/android/dx/cf/attrib/AttRuntimeInvisibleAnnotations
Event: 0.341 loading class com/android/dx/cf/attrib/AttRuntimeInvisibleAnnotations done
Event: 0.341 loading class com/android/dx/cf/attrib/BaseAnnotations
Event: 0.341 loading class com/android/dx/cf/attrib/BaseAnnotations done


Dynamic libraries:
0x00007ff7ee420000 - 0x00007ff7ee457000 	C:\Program Files\Java\jdk1.8.0_91\bin\java.exe
0x00007fff46b80000 - 0x00007fff46d42000 	C:\Windows\SYSTEM32\ntdll.dll
0x00007fff45150000 - 0x00007fff451fd000 	C:\Windows\system32\KERNEL32.DLL
0x00007fff44070000 - 0x00007fff4424d000 	C:\Windows\system32\KERNELBASE.dll
0x00007fff44250000 - 0x00007fff442f6000 	C:\Windows\system32\ADVAPI32.dll
0x00007fff45040000 - 0x00007fff450dd000 	C:\Windows\system32\msvcrt.dll
0x00007fff44e40000 - 0x00007fff44e9b000 	C:\Windows\system32\sechost.dll
0x00007fff45200000 - 0x00007fff45326000 	C:\Windows\system32\RPCRT4.dll
0x00007fff44940000 - 0x00007fff44a8e000 	C:\Windows\system32\USER32.dll
0x00007fff44eb0000 - 0x00007fff45035000 	C:\Windows\system32\GDI32.dll
0x00007fff38000000 - 0x00007fff38274000 	C:\Windows\WinSxS\amd64_microsoft.windows.common-controls_6595b64144ccf1df_6.0.10240.16384_none_f41f7b285750ef43\COMCTL32.dll
0x00007fff45330000 - 0x00007fff45366000 	C:\Windows\system32\IMM32.DLL
0x00007fff44cc0000 - 0x00007fff44e1c000 	C:\Windows\system32\MSCTF.dll
0x00000000527d0000 - 0x00000000528a2000 	C:\Program Files\Java\jdk1.8.0_91\jre\bin\msvcr100.dll
0x0000000052ee0000 - 0x0000000053773000 	C:\Program Files\Java\jdk1.8.0_91\jre\bin\server\jvm.dll
0x00007fff44690000 - 0x00007fff44698000 	C:\Windows\system32\PSAPI.DLL
0x00007fff40050000 - 0x00007fff40059000 	C:\Windows\SYSTEM32\WSOCK32.dll
0x00007fff448d0000 - 0x00007fff44939000 	C:\Windows\system32\WS2_32.dll
0x00007fff44300000 - 0x00007fff44308000 	C:\Windows\system32\NSI.dll
0x00007fff35f60000 - 0x00007fff35f83000 	C:\Windows\SYSTEM32\WINMM.dll
0x00007fff3f900000 - 0x00007fff3f90a000 	C:\Windows\SYSTEM32\VERSION.dll
0x00007fff35f30000 - 0x00007fff35f5c000 	C:\Windows\SYSTEM32\WINMMBASE.dll
0x00007fff44020000 - 0x00007fff44064000 	C:\Windows\system32\cfgmgr32.dll
0x00007fff41e80000 - 0x00007fff41ea7000 	C:\Windows\SYSTEM32\DEVOBJ.dll
0x0000000052ed0000 - 0x0000000052edf000 	C:\Program Files\Java\jdk1.8.0_91\jre\bin\verify.dll
0x0000000052ea0000 - 0x0000000052ec9000 	C:\Program Files\Java\jdk1.8.0_91\jre\bin\java.dll
0x0000000052e80000 - 0x0000000052e96000 	C:\Program Files\Java\jdk1.8.0_91\jre\bin\zip.dll
0x00007fff45370000 - 0x00007fff46895000 	C:\Windows\system32\SHELL32.dll
0x00007fff43700000 - 0x00007fff43d28000 	C:\Windows\system32\windows.storage.dll
0x00007fff46900000 - 0x00007fff46b7c000 	C:\Windows\system32\combase.dll
0x00007fff44480000 - 0x00007fff444d1000 	C:\Windows\system32\shlwapi.dll
0x00007fff435b0000 - 0x00007fff435bf000 	C:\Windows\system32\kernel.appcore.dll
0x00007fff43f60000 - 0x00007fff44013000 	C:\Windows\system32\shcore.dll
0x00007fff43600000 - 0x00007fff4364a000 	C:\Windows\system32\powrprof.dll
0x00007fff435e0000 - 0x00007fff435f3000 	C:\Windows\system32\profapi.dll

VM Arguments:
jvm_args: -Djava.awt.headless=true -Xmx1024M -Dfile.encoding=windows-1252 -Duser.country=US -Duser.language=en -Duser.variant 
java_command: com.android.dx.command.Main --dex --force-jumbo --num-threads=4 --output C:\Users\Ruth\AndroidStudioProjects\APP_SQLITE\app\build\intermediates\pre-dexed\debug\com.android.support-recyclerview-v7-23.3.0_ff817383cf1ccb665d2b38892281ad87f17e2fc2.jar C:\Users\Ruth\AndroidStudioProjects\APP_SQLITE\app\build\intermediates\exploded-aar\com.android.support\recyclerview-v7\23.3.0\jars\classes.jar
java_class_path (initial): C:\Users\Ruth\AppData\Local\Android\sdk\build-tools\23.0.3\lib\dx.jar
Launcher Type: SUN_STANDARD

Environment Variables:
PATH=C:\ProgramData\Oracle\Java\javapath;C:\Windows\system32;C:\Windows;C:\Windows\System32\Wbem;C:\Windows\System32\WindowsPowerShell\v1.0\
USERNAME=Ruth
OS=Windows_NT
PROCESSOR_IDENTIFIER=Intel64 Family 6 Model 23 Stepping 10, GenuineIntel



---------------  S Y S T E M  ---------------

OS: Windows 10.0 , 64 bit Build 10240 (10.0.10240.16384)

CPU:total 2 (2 cores per cpu, 1 threads per core) family 6 model 23 stepping 10, cmov, cx8, fxsr, mmx, sse, sse2, sse3, ssse3, sse4.1, tsc

Memory: 4k page, physical 4193588k(457072k free), swap 5590260k(6740k free)

vm_info: Java HotSpot(TM) 64-Bit Server VM (25.91-b14) for windows-amd64 JRE (1.8.0_91-b14), built on Apr  1 2016 00:58:32 by "java_re" with MS VC++ 10.0 (VS2010)

time: Tue May 10 10:42:29 2016
elapsed time: 0 seconds (0d 0h 0m 0s)

