#
# There is insufficient memory for the Java Runtime Environment to continue.
# Native memory allocation (malloc) failed to allocate 1106016 bytes for Chunk::new
# Possible reasons:
#   The system is out of physical RAM or swap space
#   In 32 bit mode, the process size limit was hit
# Possible solutions:
#   Reduce memory load on the system
#   Increase physical memory or swap space
#   Check if swap backing store is full
#   Use 64 bit Java on a 64 bit OS
#   Decrease Java heap size (-Xmx/-Xms)
#   Decrease number of Java threads
#   Decrease Java thread stack sizes (-Xss)
#   Set larger code cache with -XX:ReservedCodeCacheSize=
# This output file may be truncated or incomplete.
#
#  Out of Memory Error (allocation.cpp:390), pid=7672, tid=1868
#
# JRE version: Java(TM) SE Runtime Environment (8.0_91-b14) (build 1.8.0_91-b14)
# Java VM: Java HotSpot(TM) 64-Bit Server VM (25.91-b14 mixed mode windows-amd64 compressed oops)
# Failed to write core dump. Minidumps are not enabled by default on client versions of Windows
#

---------------  T H R E A D  ---------------

Current thread (0x0000000014548800):  JavaThread "C2 CompilerThread0" daemon [_thread_in_native, id=1868, stack(0x0000000015570000,0x0000000015670000)]

Stack: [0x0000000015570000,0x0000000015670000]
[error occurred during error reporting (printing stack bounds), id 0xc0000005]

Native frames: (J=compiled Java code, j=interpreted, Vv=VM code, C=native code)


Current CompileTask:
C2:  11892 1993   !   4       com.android.dx.cf.code.RopperMachine::run (1550 bytes)


---------------  P R O C E S S  ---------------

Java Threads: ( => current thread )
  0x0000000015baa000 JavaThread "pool-1-thread-4" [_thread_in_Java, id=4956, stack(0x0000000016170000,0x0000000016270000)]
  0x0000000015ba8800 JavaThread "pool-1-thread-3" [_thread_in_Java, id=5916, stack(0x0000000016070000,0x0000000016170000)]
  0x0000000015ba6000 JavaThread "pool-1-thread-2" [_thread_in_Java, id=212, stack(0x0000000015f70000,0x0000000016070000)]
  0x0000000015b9f800 JavaThread "pool-2-thread-1" [_thread_blocked, id=7468, stack(0x0000000015e70000,0x0000000015f70000)]
  0x0000000015b9f000 JavaThread "pool-1-thread-1" [_thread_in_Java, id=7432, stack(0x0000000015d70000,0x0000000015e70000)]
  0x00000000145aa800 JavaThread "Service Thread" daemon [_thread_blocked, id=5820, stack(0x0000000015770000,0x0000000015870000)]
  0x000000001454c000 JavaThread "C1 CompilerThread1" daemon [_thread_blocked, id=2648, stack(0x0000000015670000,0x0000000015770000)]
=>0x0000000014548800 JavaThread "C2 CompilerThread0" daemon [_thread_in_native, id=1868, stack(0x0000000015570000,0x0000000015670000)]
  0x0000000014547000 JavaThread "Attach Listener" daemon [_thread_blocked, id=7400, stack(0x0000000015470000,0x0000000015570000)]
  0x0000000014544000 JavaThread "Signal Dispatcher" daemon [_thread_blocked, id=4776, stack(0x0000000015370000,0x0000000015470000)]
  0x00000000020b7000 JavaThread "Finalizer" daemon [_thread_blocked, id=7204, stack(0x0000000015190000,0x0000000015290000)]
  0x00000000020ac800 JavaThread "Reference Handler" daemon [_thread_blocked, id=6784, stack(0x0000000015090000,0x0000000015190000)]
  0x0000000001fc0800 JavaThread "main" [_thread_in_Java, id=4252, stack(0x0000000001dc0000,0x0000000001ec0000)]

Other Threads:
  0x0000000014516000 VMThread [stack: 0x0000000014f90000,0x0000000015090000] [id=7484]
  0x00000000145bf800 WatcherThread [stack: 0x0000000015870000,0x0000000015970000] [id=3240]

VM state:not at safepoint (normal execution)

VM Mutex/Monitor currently owned by a thread: None

Heap:
 PSYoungGen      total 145920K, used 37753K [0x00000000eab00000, 0x00000000fdc00000, 0x0000000100000000)
  eden space 128512K, 23% used [0x00000000eab00000,0x00000000ec7ec9e8,0x00000000f2880000)
  from space 17408K, 46% used [0x00000000f2880000,0x00000000f3071d70,0x00000000f3980000)
  to   space 27648K, 0% used [0x00000000fc100000,0x00000000fc100000,0x00000000fdc00000)
 ParOldGen       total 86528K, used 43704K [0x00000000c0000000, 0x00000000c5480000, 0x00000000eab00000)
  object space 86528K, 50% used [0x00000000c0000000,0x00000000c2aae370,0x00000000c5480000)
 Metaspace       used 6548K, capacity 7256K, committed 7424K, reserved 1056768K
  class space    used 625K, capacity 656K, committed 768K, reserved 1048576K

Card table byte_map: [0x0000000011480000,0x0000000011690000] byte_map_base: 0x0000000010e80000

Marking Bits: (ParMarkBitMap*) 0x00000000536f2f70
 Begin Bits: [0x00000000119f0000, 0x00000000129f0000)
 End Bits:   [0x00000000129f0000, 0x00000000139f0000)

Polling page: 0x0000000000300000

CodeCache: size=245760Kb used=8613Kb max_used=8624Kb free=237146Kb
 bounds [0x00000000020c0000, 0x0000000002940000, 0x00000000110c0000]
 total_blobs=2226 nmethods=1958 adapters=182
 compilation: enabled

Compilation events (10 events):
Event: 11.372 Thread 0x0000000014548800 nmethod 1784 0x0000000002860110 code [0x0000000002860240, 0x0000000002860298]
Event: 11.372 Thread 0x0000000014548800 1511       4       java.util.HashMap::hash (20 bytes)
Event: 11.372 Thread 0x0000000014548800 nmethod 1511 0x00000000028c4090 code [0x00000000028c41e0, 0x00000000028c4298]
Event: 11.372 Thread 0x0000000014548800 1603       4       com.android.dx.util.LabeledList::indexOfLabel (22 bytes)
Event: 11.373 Thread 0x0000000014548800 nmethod 1603 0x000000000290be10 code [0x000000000290bf60, 0x000000000290c018]
Event: 11.373 Thread 0x0000000014548800 1596       4       com.android.dx.util.BitIntSet$1::hasNext (13 bytes)
Event: 11.373 Thread 0x0000000014548800 nmethod 1596 0x00000000027b41d0 code [0x00000000027b4300, 0x00000000027b4378]
Event: 11.373 Thread 0x0000000014548800 1769       4       com.android.dx.ssa.back.RegisterAllocator::getDefinitionSpecForSsaReg (22 bytes)
Event: 11.376 Thread 0x0000000014548800 nmethod 1769 0x00000000028f8f50 code [0x00000000028f90c0, 0x00000000028f9308]
Event: 11.376 Thread 0x0000000014548800 1993   !   4       com.android.dx.cf.code.RopperMachine::run (1550 bytes)

GC Heap History (10 events):
Event: 3.411 GC heap before
{Heap before GC invocations=4 (full 0):
 PSYoungGen      total 35328K, used 35300K [0x00000000eab00000, 0x00000000ef000000, 0x0000000100000000)
  eden space 32768K, 100% used [0x00000000eab00000,0x00000000ecb00000,0x00000000ecb00000)
  from space 2560K, 98% used [0x00000000ecb00000,0x00000000ecd79368,0x00000000ecd80000)
  to   space 2560K, 0% used [0x00000000eed80000,0x00000000eed80000,0x00000000ef000000)
 ParOldGen       total 44032K, used 8300K [0x00000000c0000000, 0x00000000c2b00000, 0x00000000eab00000)
  object space 44032K, 18% used [0x00000000c0000000,0x00000000c081b148,0x00000000c2b00000)
 Metaspace       used 6241K, capacity 7090K, committed 7296K, reserved 1056768K
  class space    used 605K, capacity 618K, committed 640K, reserved 1048576K
Event: 3.495 GC heap after
Heap after GC invocations=4 (full 0):
 PSYoungGen      total 68096K, used 2541K [0x00000000eab00000, 0x00000000ef000000, 0x0000000100000000)
  eden space 65536K, 0% used [0x00000000eab00000,0x00000000eab00000,0x00000000eeb00000)
  from space 2560K, 99% used [0x00000000eed80000,0x00000000eeffb488,0x00000000ef000000)
  to   space 2560K, 0% used [0x00000000eeb00000,0x00000000eeb00000,0x00000000eed80000)
 ParOldGen       total 44032K, used 12982K [0x00000000c0000000, 0x00000000c2b00000, 0x00000000eab00000)
  object space 44032K, 29% used [0x00000000c0000000,0x00000000c0cadaf0,0x00000000c2b00000)
 Metaspace       used 6241K, capacity 7090K, committed 7296K, reserved 1056768K
  class space    used 605K, capacity 618K, committed 640K, reserved 1048576K
}
Event: 4.362 GC heap before
{Heap before GC invocations=5 (full 0):
 PSYoungGen      total 68096K, used 68077K [0x00000000eab00000, 0x00000000ef000000, 0x0000000100000000)
  eden space 65536K, 100% used [0x00000000eab00000,0x00000000eeb00000,0x00000000eeb00000)
  from space 2560K, 99% used [0x00000000eed80000,0x00000000eeffb488,0x00000000ef000000)
  to   space 2560K, 0% used [0x00000000eeb00000,0x00000000eeb00000,0x00000000eed80000)
 ParOldGen       total 44032K, used 12982K [0x00000000c0000000, 0x00000000c2b00000, 0x00000000eab00000)
  object space 44032K, 29% used [0x00000000c0000000,0x00000000c0cadaf0,0x00000000c2b00000)
 Metaspace       used 6315K, capacity 7154K, committed 7296K, reserved 1056768K
  class space    used 605K, capacity 618K, committed 640K, reserved 1048576K
Event: 4.529 GC heap after
Heap after GC invocations=5 (full 0):
 PSYoungGen      total 68096K, used 2529K [0x00000000eab00000, 0x00000000f4800000, 0x0000000100000000)
  eden space 65536K, 0% used [0x00000000eab00000,0x00000000eab00000,0x00000000eeb00000)
  from space 2560K, 98% used [0x00000000eeb00000,0x00000000eed786f8,0x00000000eed80000)
  to   space 14848K, 0% used [0x00000000f3980000,0x00000000f3980000,0x00000000f4800000)
 ParOldGen       total 44032K, used 22964K [0x00000000c0000000, 0x00000000c2b00000, 0x00000000eab00000)
  object space 44032K, 52% used [0x00000000c0000000,0x00000000c166d008,0x00000000c2b00000)
 Metaspace       used 6315K, capacity 7154K, committed 7296K, reserved 1056768K
  class space    used 605K, capacity 618K, committed 640K, reserved 1048576K
}
Event: 5.377 GC heap before
{Heap before GC invocations=6 (full 0):
 PSYoungGen      total 68096K, used 68065K [0x00000000eab00000, 0x00000000f4800000, 0x0000000100000000)
  eden space 65536K, 100% used [0x00000000eab00000,0x00000000eeb00000,0x00000000eeb00000)
  from space 2560K, 98% used [0x00000000eeb00000,0x00000000eed786f8,0x00000000eed80000)
  to   space 14848K, 0% used [0x00000000f3980000,0x00000000f3980000,0x00000000f4800000)
 ParOldGen       total 44032K, used 22964K [0x00000000c0000000, 0x00000000c2b00000, 0x00000000eab00000)
  object space 44032K, 52% used [0x00000000c0000000,0x00000000c166d008,0x00000000c2b00000)
 Metaspace       used 6431K, capacity 7218K, committed 7296K, reserved 1056768K
  class space    used 605K, capacity 618K, committed 640K, reserved 1048576K
Event: 5.495 GC heap after
Heap after GC invocations=6 (full 0):
 PSYoungGen      total 143360K, used 13778K [0x00000000eab00000, 0x00000000f4d00000, 0x0000000100000000)
  eden space 128512K, 0% used [0x00000000eab00000,0x00000000eab00000,0x00000000f2880000)
  from space 14848K, 92% used [0x00000000f3980000,0x00000000f46f48e8,0x00000000f4800000)
  to   space 17408K, 0% used [0x00000000f2880000,0x00000000f2880000,0x00000000f3980000)
 ParOldGen       total 44032K, used 22964K [0x00000000c0000000, 0x00000000c2b00000, 0x00000000eab00000)
  object space 44032K, 52% used [0x00000000c0000000,0x00000000c166d008,0x00000000c2b00000)
 Metaspace       used 6431K, capacity 7218K, committed 7296K, reserved 1056768K
  class space    used 605K, capacity 618K, committed 640K, reserved 1048576K
}
Event: 7.235 GC heap before
{Heap before GC invocations=7 (full 0):
 PSYoungGen      total 143360K, used 142290K [0x00000000eab00000, 0x00000000f4d00000, 0x0000000100000000)
  eden space 128512K, 100% used [0x00000000eab00000,0x00000000f2880000,0x00000000f2880000)
  from space 14848K, 92% used [0x00000000f3980000,0x00000000f46f48e8,0x00000000f4800000)
  to   space 17408K, 0% used [0x00000000f2880000,0x00000000f2880000,0x00000000f3980000)
 ParOldGen       total 44032K, used 22964K [0x00000000c0000000, 0x00000000c2b00000, 0x00000000eab00000)
  object space 44032K, 52% used [0x00000000c0000000,0x00000000c166d008,0x00000000c2b00000)
 Metaspace       used 6548K, capacity 7256K, committed 7424K, reserved 1056768K
  class space    used 625K, capacity 656K, committed 768K, reserved 1048576K
Event: 7.851 GC heap after
Heap after GC invocations=7 (full 0):
 PSYoungGen      total 145920K, used 17380K [0x00000000eab00000, 0x00000000fdc00000, 0x0000000100000000)
  eden space 128512K, 0% used [0x00000000eab00000,0x00000000eab00000,0x00000000f2880000)
  from space 17408K, 99% used [0x00000000f2880000,0x00000000f3979080,0x00000000f3980000)
  to   space 27648K, 0% used [0x00000000fc100000,0x00000000fc100000,0x00000000fdc00000)
 ParOldGen       total 44032K, used 36966K [0x00000000c0000000, 0x00000000c2b00000, 0x00000000eab00000)
  object space 44032K, 83% used [0x00000000c0000000,0x00000000c24199a8,0x00000000c2b00000)
 Metaspace       used 6548K, capacity 7256K, committed 7424K, reserved 1056768K
  class space    used 625K, capacity 656K, committed 768K, reserved 1048576K
}
Event: 7.851 GC heap before
{Heap before GC invocations=8 (full 1):
 PSYoungGen      total 145920K, used 17380K [0x00000000eab00000, 0x00000000fdc00000, 0x0000000100000000)
  eden space 128512K, 0% used [0x00000000eab00000,0x00000000eab00000,0x00000000f2880000)
  from space 17408K, 99% used [0x00000000f2880000,0x00000000f3979080,0x00000000f3980000)
  to   space 27648K, 0% used [0x00000000fc100000,0x00000000fc100000,0x00000000fdc00000)
 ParOldGen       total 44032K, used 36966K [0x00000000c0000000, 0x00000000c2b00000, 0x00000000eab00000)
  object space 44032K, 83% used [0x00000000c0000000,0x00000000c24199a8,0x00000000c2b00000)
 Metaspace       used 6548K, capacity 7256K, committed 7424K, reserved 1056768K
  class space    used 625K, capacity 656K, committed 768K, reserved 1048576K
Event: 11.086 GC heap after
Heap after GC invocations=8 (full 1):
 PSYoungGen      total 145920K, used 8135K [0x00000000eab00000, 0x00000000fdc00000, 0x0000000100000000)
  eden space 128512K, 0% used [0x00000000eab00000,0x00000000eab00000,0x00000000f2880000)
  from space 17408K, 46% used [0x00000000f2880000,0x00000000f3071d70,0x00000000f3980000)
  to   space 27648K, 0% used [0x00000000fc100000,0x00000000fc100000,0x00000000fdc00000)
 ParOldGen       total 86528K, used 43704K [0x00000000c0000000, 0x00000000c5480000, 0x00000000eab00000)
  object space 86528K, 50% used [0x00000000c0000000,0x00000000c2aae370,0x00000000c5480000)
 Metaspace       used 6548K, capacity 7256K, committed 7424K, reserved 1056768K
  class space    used 625K, capacity 656K, committed 768K, reserved 1048576K
}

Deoptimization events (10 events):
Event: 5.809 Thread 0x0000000015ba6000 Uncommon trap: reason=class_check action=maybe_recompile pc=0x000000000281a79c method=com.android.dx.cf.code.BytecodeArray.parseInstruction(ILcom/android/dx/cf/code/BytecodeArray$Visitor;)I @ 1417
Event: 5.809 Thread 0x0000000015ba6000 Uncommon trap: reason=class_check action=maybe_recompile pc=0x000000000281a79c method=com.android.dx.cf.code.BytecodeArray.parseInstruction(ILcom/android/dx/cf/code/BytecodeArray$Visitor;)I @ 1417
Event: 6.037 Thread 0x0000000015baa000 Uncommon trap: reason=unstable_if action=reinterpret pc=0x0000000002661150 method=java.util.HashMap.putVal(ILjava/lang/Object;Ljava/lang/Object;ZZ)Ljava/lang/Object; @ 162
Event: 6.040 Thread 0x0000000015baa000 Uncommon trap: reason=unstable_if action=reinterpret pc=0x0000000002708130 method=java.util.HashMap.getNode(ILjava/lang/Object;)Ljava/util/HashMap$Node; @ 84
Event: 6.089 Thread 0x0000000015b9f000 Uncommon trap: reason=unstable_if action=reinterpret pc=0x0000000002708750 method=java.util.HashMap.getNode(ILjava/lang/Object;)Ljava/util/HashMap$Node; @ 84
Event: 6.619 Thread 0x0000000015b9f000 Uncommon trap: reason=bimorphic action=maybe_recompile pc=0x0000000002862c60 method=com.android.dx.ssa.LiteralOpUpgrader.tryReplacingWithConstant(Lcom/android/dx/ssa/NormalSsaInsn;)Z @ 62
Event: 6.625 Thread 0x0000000015b9f000 Uncommon trap: reason=bimorphic action=maybe_recompile pc=0x0000000002862c60 method=com.android.dx.ssa.LiteralOpUpgrader.tryReplacingWithConstant(Lcom/android/dx/ssa/NormalSsaInsn;)Z @ 62
Event: 6.671 Thread 0x0000000015baa000 Uncommon trap: reason=class_check action=maybe_recompile pc=0x00000000028d333c method=com.android.dx.cf.code.BytecodeArray.parseInstruction(ILcom/android/dx/cf/code/BytecodeArray$Visitor;)I @ 1807
Event: 6.671 Thread 0x0000000015baa000 Uncommon trap: reason=class_check action=maybe_recompile pc=0x00000000028d333c method=com.android.dx.cf.code.BytecodeArray.parseInstruction(ILcom/android/dx/cf/code/BytecodeArray$Visitor;)I @ 1807
Event: 7.144 Thread 0x0000000015ba8800 Uncommon trap: reason=unstable_if action=reinterpret pc=0x00000000028a0e04 method=java.util.HashMap.putVal(ILjava/lang/Object;Ljava/lang/Object;ZZ)Ljava/lang/Object; @ 109

Internal exceptions (7 events):
Event: 0.221 Thread 0x0000000001fc0800 Exception <a 'java/lang/NoSuchMethodError': Method sun.misc.Unsafe.defineClass(Ljava/lang/String;[BII)Ljava/lang/Class; name or signature does not match> (0x00000000eab07cc0) thrown at [C:\re\workspace\8-2-build-windows-amd64-cygwin\jdk8u91\6644\hotspot\sr¿—ÿ.Q=Ì?
Event: 0.221 Thread 0x0000000001fc0800 Exception <a 'java/lang/NoSuchMethodError': Method sun.misc.Unsafe.prefetchRead(Ljava/lang/Object;J)V name or signature does not match> (0x00000000eab07fa8) thrown at [C:\re\workspace\8-2-build-windows-amd64-cygwin\jdk8u91\6644\hotspot\src\share\vm\prims\jÅø1”á&û?
Event: 1.697 Thread 0x0000000015baa000 Implicit null exception at 0x000000000254ab62 to 0x000000000254ac11
Event: 5.320 Thread 0x0000000015baa000 Implicit null exception at 0x00000000026edb27 to 0x00000000026ee8d9
Event: 6.038 Thread 0x0000000015baa000 Exception <a 'java/lang/ArrayIndexOutOfBoundsException': 18> (0x00000000ee3a7b98) thrown at [C:\re\workspace\8-2-build-windows-amd64-cygwin\jdk8u91\6644\hotspot\src\share\vm\interpreter\interpreterRuntime.cpp, line 366]
Event: 6.039 Thread 0x0000000015baa000 Exception <a 'java/lang/ArrayIndexOutOfBoundsException'> (0x00000000ee3a9718) thrown at [C:\re\workspace\8-2-build-windows-amd64-cygwin\jdk8u91\6644\hotspot\src\share\vm\runtime\sharedRuntime.cpp, line 605]
Event: 6.040 Thread 0x0000000015baa000 Exception <a 'java/lang/ArrayIndexOutOfBoundsException'> (0x00000000ee3aaa00) thrown at [C:\re\workspace\8-2-build-windows-amd64-cygwin\jdk8u91\6644\hotspot\src\share\vm\runtime\sharedRuntime.cpp, line 605]

Events (10 events):
Event: 6.671 Thread 0x0000000015baa000 DEOPT PACKING pc=0x00000000028d333c sp=0x000000001626e810
Event: 6.671 Thread 0x0000000015baa000 DEOPT UNPACKING pc=0x000000000210556a sp=0x000000001626e7b8 mode 2
Event: 6.671 Thread 0x0000000015baa000 Uncommon trap: trap_request=0xffffffde fr.pc=0x00000000028d333c
Event: 6.671 Thread 0x0000000015baa000 DEOPT PACKING pc=0x00000000028d333c sp=0x000000001626e810
Event: 6.671 Thread 0x0000000015baa000 DEOPT UNPACKING pc=0x000000000210556a sp=0x000000001626e7b8 mode 2
Event: 7.144 Thread 0x0000000015ba8800 Uncommon trap: trap_request=0xffffff65 fr.pc=0x00000000028a0e04
Event: 7.144 Thread 0x0000000015ba8800 DEOPT PACKING pc=0x00000000028a0e04 sp=0x000000001616e670
Event: 7.144 Thread 0x0000000015ba8800 DEOPT UNPACKING pc=0x000000000210556a sp=0x000000001616e5f0 mode 2
Event: 7.234 Executing VM operation: ParallelGCFailedAllocation
Event: 11.086 Executing VM operation: ParallelGCFailedAllocation done


Dynamic libraries:
0x00007ff7ee420000 - 0x00007ff7ee457000 	C:\Program Files\Java\jdk1.8.0_91\bin\java.exe
0x00007fff46b80000 - 0x00007fff46d42000 	C:\Windows\SYSTEM32\ntdll.dll
0x00007fff45150000 - 0x00007fff451fd000 	C:\Windows\system32\KERNEL32.DLL
0x00007fff44070000 - 0x00007fff4424d000 	C:\Windows\system32\KERNELBASE.dll
0x00007fff44250000 - 0x00007fff442f6000 	C:\Windows\system32\ADVAPI32.dll
0x00007fff45040000 - 0x00007fff450dd000 	C:\Windows\system32\msvcrt.dll
0x00007fff44e40000 - 0x00007fff44e9b000 	C:\Windows\system32\sechost.dll
0x00007fff45200000 - 0x00007fff45326000 	C:\Windows\system32\RPCRT4.dll
0x00007fff44940000 - 0x00007fff44a8e000 	C:\Windows\system32\USER32.dll
0x00007fff44eb0000 - 0x00007fff45035000 	C:\Windows\system32\GDI32.dll
0x00007fff38000000 - 0x00007fff38274000 	C:\Windows\WinSxS\amd64_microsoft.windows.common-controls_6595b64144ccf1df_6.0.10240.16384_none_f41f7b285750ef43\COMCTL32.dll
0x00007fff45330000 - 0x00007fff45366000 	C:\Windows\system32\IMM32.DLL
0x00007fff44cc0000 - 0x00007fff44e1c000 	C:\Windows\system32\MSCTF.dll
0x00000000527d0000 - 0x00000000528a2000 	C:\Program Files\Java\jdk1.8.0_91\jre\bin\msvcr100.dll
0x0000000052ee0000 - 0x0000000053773000 	C:\Program Files\Java\jdk1.8.0_91\jre\bin\server\jvm.dll
0x00007fff44690000 - 0x00007fff44698000 	C:\Windows\system32\PSAPI.DLL
0x00007fff40050000 - 0x00007fff40059000 	C:\Windows\SYSTEM32\WSOCK32.dll
0x00007fff448d0000 - 0x00007fff44939000 	C:\Windows\system32\WS2_32.dll
0x00007fff44300000 - 0x00007fff44308000 	C:\Windows\system32\NSI.dll
0x00007fff35f60000 - 0x00007fff35f83000 	C:\Windows\SYSTEM32\WINMM.dll
0x00007fff3f900000 - 0x00007fff3f90a000 	C:\Windows\SYSTEM32\VERSION.dll
0x00007fff35f30000 - 0x00007fff35f5c000 	C:\Windows\SYSTEM32\WINMMBASE.dll
0x00007fff44020000 - 0x00007fff44064000 	C:\Windows\system32\cfgmgr32.dll
0x00007fff41e80000 - 0x00007fff41ea7000 	C:\Windows\SYSTEM32\DEVOBJ.dll
0x0000000052ed0000 - 0x0000000052edf000 	C:\Program Files\Java\jdk1.8.0_91\jre\bin\verify.dll
0x0000000052ea0000 - 0x0000000052ec9000 	C:\Program Files\Java\jdk1.8.0_91\jre\bin\java.dll
0x0000000052e80000 - 0x0000000052e96000 	C:\Program Files\Java\jdk1.8.0_91\jre\bin\zip.dll
0x00007fff45370000 - 0x00007fff46895000 	C:\Windows\system32\SHELL32.dll
0x00007fff43700000 - 0x00007fff43d28000 	C:\Windows\system32\windows.storage.dll
0x00007fff46900000 - 0x00007fff46b7c000 	C:\Windows\system32\combase.dll
0x00007fff44480000 - 0x00007fff444d1000 	C:\Windows\system32\shlwapi.dll
0x00007fff435b0000 - 0x00007fff435bf000 	C:\Windows\system32\kernel.appcore.dll
0x00007fff43f60000 - 0x00007fff44013000 	C:\Windows\system32\shcore.dll
0x00007fff43600000 - 0x00007fff4364a000 	C:\Windows\system32\powrprof.dll
0x00007fff435e0000 - 0x00007fff435f3000 	C:\Windows\system32\profapi.dll

VM Arguments:
jvm_args: -Djava.awt.headless=true -Xmx1024M -Dfile.encoding=windows-1252 -Duser.country=US -Duser.language=en -Duser.variant 
java_command: com.android.dx.command.Main --dex --num-threads=4 --output C:\Users\Ruth\AndroidStudioProjects\APP_SQLITE\app\build\intermediates\pre-dexed\debug\com.android.support-support-v4-23.3.0_7bc2536d56b29b799e37721f7a0855ef2ef008e1.jar C:\Users\Ruth\AndroidStudioProjects\APP_SQLITE\app\build\intermediates\exploded-aar\com.android.support\support-v4\23.3.0\jars\classes.jar
java_class_path (initial): C:\Users\Ruth\AppData\Local\Android\sdk\build-tools\23.0.3\lib\dx.jar
Launcher Type: SUN_STANDARD

Environment Variables:
PATH=C:\ProgramData\Oracle\Java\javapath;C:\Windows\system32;C:\Windows;C:\Windows\System32\Wbem;C:\Windows\System32\WindowsPowerShell\v1.0\
USERNAME=Ruth
OS=Windows_NT
PROCESSOR_IDENTIFIER=Intel64 Family 6 Model 23 Stepping 10, GenuineIntel



---------------  S Y S T E M  ---------------

OS: Windows 10.0 , 64 bit Build 10240 (10.0.10240.16384)

CPU:total 2 (2 cores per cpu, 1 threads per core) family 6 model 23 stepping 10, cmov, cx8, fxsr, mmx, sse, sse2, sse3, ssse3, sse4.1, tsc

Memory: 4k page, physical 4193588k(246524k free), swap 5590260k(5928k free)

vm_info: Java HotSpot(TM) 64-Bit Server VM (25.91-b14) for windows-amd64 JRE (1.8.0_91-b14), built on Apr  1 2016 00:58:32 by "java_re" with MS VC++ 10.0 (VS2010)

time: Tue May 10 10:49:35 2016
elapsed time: 11 seconds (0d 0h 0m 11s)

