#
# There is insufficient memory for the Java Runtime Environment to continue.
# Native memory allocation (malloc) failed to allocate 32744 bytes for ChunkPool::allocate
# Possible reasons:
#   The system is out of physical RAM or swap space
#   In 32 bit mode, the process size limit was hit
# Possible solutions:
#   Reduce memory load on the system
#   Increase physical memory or swap space
#   Check if swap backing store is full
#   Use 64 bit Java on a 64 bit OS
#   Decrease Java heap size (-Xmx/-Xms)
#   Decrease number of Java threads
#   Decrease Java thread stack sizes (-Xss)
#   Set larger code cache with -XX:ReservedCodeCacheSize=
# This output file may be truncated or incomplete.
#
#  Out of Memory Error (allocation.cpp:273), pid=5820, tid=2608
#
# JRE version: Java(TM) SE Runtime Environment (8.0_91-b14) (build 1.8.0_91-b14)
# Java VM: Java HotSpot(TM) 64-Bit Server VM (25.91-b14 mixed mode windows-amd64 compressed oops)
# Failed to write core dump. Minidumps are not enabled by default on client versions of Windows
#

---------------  T H R E A D  ---------------

Current thread (0x0000000014a23800):  JavaThread "C1 CompilerThread1" daemon [_thread_in_native, id=2608, stack(0x0000000015b00000,0x0000000015c00000)]

Stack: [0x0000000015b00000,0x0000000015c00000]
[error occurred during error reporting (printing stack bounds), id 0xc0000005]

Native frames: (J=compiled Java code, j=interpreted, Vv=VM code, C=native code)


Current CompileTask:
C1:    383  227   !   3       com.android.dx.cf.cst.ConstantPoolParser::parse0 (731 bytes)


---------------  P R O C E S S  ---------------

Java Threads: ( => current thread )
  0x0000000015f0f800 JavaThread "pool-1-thread-4" [_thread_new, id=5536, stack(0x0000000000000000,0x0000000000000000)]
  0x0000000015f0d000 JavaThread "pool-1-thread-3" [_thread_new, id=6956, stack(0x0000000000000000,0x0000000000000000)]
  0x0000000015f0c000 JavaThread "pool-1-thread-2" [_thread_new, id=4336, stack(0x0000000000000000,0x0000000000000000)]
  0x0000000015f0b800 JavaThread "pool-2-thread-1" [_thread_new, id=3264, stack(0x0000000000000000,0x0000000000000000)]
  0x0000000015f0a800 JavaThread "pool-1-thread-1" [_thread_new, id=5980, stack(0x0000000000000000,0x0000000000000000)]
  0x0000000014a2a000 JavaThread "Service Thread" daemon [_thread_blocked, id=7112, stack(0x0000000015c00000,0x0000000015d00000)]
=>0x0000000014a23800 JavaThread "C1 CompilerThread1" daemon [_thread_in_native, id=2608, stack(0x0000000015b00000,0x0000000015c00000)]
  0x00000000149c8000 JavaThread "C2 CompilerThread0" daemon [_thread_in_native, id=4656, stack(0x0000000015a00000,0x0000000015b00000)]
  0x00000000149c7000 JavaThread "Attach Listener" daemon [_thread_blocked, id=7108, stack(0x0000000015900000,0x0000000015a00000)]
  0x000000000251e800 JavaThread "Signal Dispatcher" daemon [_thread_blocked, id=188, stack(0x0000000015800000,0x0000000015900000)]
  0x0000000002516800 JavaThread "Finalizer" daemon [_thread_blocked, id=6096, stack(0x0000000015610000,0x0000000015710000)]
  0x000000000250d800 JavaThread "Reference Handler" daemon [_thread_blocked, id=492, stack(0x0000000015510000,0x0000000015610000)]
  0x0000000002420800 JavaThread "main" [_thread_in_vm, id=1824, stack(0x00000000021e0000,0x00000000022e0000)]

Other Threads:
  0x0000000014996000 VMThread [stack: 0x0000000015410000,0x0000000015510000] [id=5888]
  0x0000000014a3e800 WatcherThread [stack: 0x0000000015d00000,0x0000000015e00000] [id=6412]

VM state:not at safepoint (normal execution)

VM Mutex/Monitor currently owned by a thread: None

Heap:
 PSYoungGen      total 18944K, used 4622K [0x00000000eab00000, 0x00000000ec000000, 0x0000000100000000)
  eden space 16384K, 28% used [0x00000000eab00000,0x00000000eaf838e8,0x00000000ebb00000)
  from space 2560K, 0% used [0x00000000ebd80000,0x00000000ebd80000,0x00000000ec000000)
  to   space 2560K, 0% used [0x00000000ebb00000,0x00000000ebb00000,0x00000000ebd80000)
 ParOldGen       total 44032K, used 0K [0x00000000c0000000, 0x00000000c2b00000, 0x00000000eab00000)
  object space 44032K, 0% used [0x00000000c0000000,0x00000000c0000000,0x00000000c2b00000)
 Metaspace       used 4127K, capacity 5232K, committed 5376K, reserved 1056768K
  class space    used 463K, capacity 488K, committed 512K, reserved 1048576K

Card table byte_map: [0x00000000118e0000,0x0000000011af0000] byte_map_base: 0x00000000112e0000

Marking Bits: (ParMarkBitMap*) 0x00000000536f2f70
 Begin Bits: [0x0000000011e50000, 0x0000000012e50000)
 End Bits:   [0x0000000012e50000, 0x0000000013e50000)

Polling page: 0x00000000023f0000

CodeCache: size=245760Kb used=1518Kb max_used=1529Kb free=244241Kb
 bounds [0x0000000002520000, 0x0000000002790000, 0x0000000011520000]
 total_blobs=481 nmethods=227 adapters=169
 compilation: enabled

Compilation events (10 events):
Event: 0.371 Thread 0x0000000014a23800  221       3       com.android.dx.rop.cst.Constant::compareTo (9 bytes)
Event: 0.371 Thread 0x0000000014a23800 nmethod 221 0x0000000002698950 code [0x0000000002698b20, 0x0000000002699438]
Event: 0.371 Thread 0x0000000014a23800  223       1       com.android.dx.rop.cst.CstNat::getName (5 bytes)
Event: 0.371 Thread 0x0000000014a23800 nmethod 223 0x0000000002699750 code [0x00000000026998a0, 0x00000000026999b0]
Event: 0.371 Thread 0x0000000014a23800  222       1       sun.util.calendar.CalendarDate::isNormalized (5 bytes)
Event: 0.371 Thread 0x0000000014a23800 nmethod 222 0x0000000002699a10 code [0x0000000002699b60, 0x0000000002699c70]
Event: 0.371 Thread 0x0000000014a23800  225   !   3       com.android.dx.rop.cst.StdConstantPool::get (24 bytes)
Event: 0.372 Thread 0x0000000014a23800 nmethod 225 0x0000000002699cd0 code [0x0000000002699f60, 0x000000000269afd8]
Event: 0.372 Thread 0x0000000014a23800  227   !   3       com.android.dx.cf.cst.ConstantPoolParser::parse0 (731 bytes)
Event: 0.373 Thread 0x00000000149c8000  233       4       java.lang.String::compareTo (78 bytes)

GC Heap History (0 events):
No events

Deoptimization events (0 events):
No events

Internal exceptions (2 events):
Event: 0.051 Thread 0x0000000002420800 Exception <a 'java/lang/NoSuchMethodError': Method sun.misc.Unsafe.defineClass(Ljava/lang/String;[BII)Ljava/lang/Class; name or signature does not match> (0x00000000eab07cc0) thrown at [C:\re\workspace\8-2-build-windows-amd64-cygwin\jdk8u91\6644\hotspot\srö²ÜêOª?
Event: 0.051 Thread 0x0000000002420800 Exception <a 'java/lang/NoSuchMethodError': Method sun.misc.Unsafe.prefetchRead(Ljava/lang/Object;J)V name or signature does not match> (0x00000000eab07fa8) thrown at [C:\re\workspace\8-2-build-windows-amd64-cygwin\jdk8u91\6644\hotspot\src\share\vm\prims\j

Events (10 events):
Event: 0.367 loading class com/android/dx/dex/file/EncodedMethod
Event: 0.367 loading class com/android/dx/dex/file/EncodedMethod done
Event: 0.367 loading class com/android/dx/dex/file/EncodedMember
Event: 0.367 loading class com/android/dx/dex/file/EncodedMember done
Event: 0.368 loading class com/android/dx/dex/file/CodeItem
Event: 0.368 loading class com/android/dx/dex/file/CodeItem done
Event: 0.368 loading class com/android/dx/rop/annotation/AnnotationsList
Event: 0.368 loading class com/android/dx/rop/annotation/AnnotationsList done
Event: 0.369 loading class com/android/dx/dex/file/MethodIdItem
Event: 0.369 loading class com/android/dx/dex/file/MethodIdItem done


Dynamic libraries:
0x00007ff7ee420000 - 0x00007ff7ee457000 	C:\Program Files\Java\jdk1.8.0_91\bin\java.exe
0x00007fff46b80000 - 0x00007fff46d42000 	C:\Windows\SYSTEM32\ntdll.dll
0x00007fff45150000 - 0x00007fff451fd000 	C:\Windows\system32\KERNEL32.DLL
0x00007fff44070000 - 0x00007fff4424d000 	C:\Windows\system32\KERNELBASE.dll
0x00007fff44250000 - 0x00007fff442f6000 	C:\Windows\system32\ADVAPI32.dll
0x00007fff45040000 - 0x00007fff450dd000 	C:\Windows\system32\msvcrt.dll
0x00007fff44e40000 - 0x00007fff44e9b000 	C:\Windows\system32\sechost.dll
0x00007fff45200000 - 0x00007fff45326000 	C:\Windows\system32\RPCRT4.dll
0x00007fff44940000 - 0x00007fff44a8e000 	C:\Windows\system32\USER32.dll
0x00007fff44eb0000 - 0x00007fff45035000 	C:\Windows\system32\GDI32.dll
0x00007fff38000000 - 0x00007fff38274000 	C:\Windows\WinSxS\amd64_microsoft.windows.common-controls_6595b64144ccf1df_6.0.10240.16384_none_f41f7b285750ef43\COMCTL32.dll
0x00007fff45330000 - 0x00007fff45366000 	C:\Windows\system32\IMM32.DLL
0x00007fff44cc0000 - 0x00007fff44e1c000 	C:\Windows\system32\MSCTF.dll
0x00000000527d0000 - 0x00000000528a2000 	C:\Program Files\Java\jdk1.8.0_91\jre\bin\msvcr100.dll
0x0000000052ee0000 - 0x0000000053773000 	C:\Program Files\Java\jdk1.8.0_91\jre\bin\server\jvm.dll
0x00007fff44690000 - 0x00007fff44698000 	C:\Windows\system32\PSAPI.DLL
0x00007fff40050000 - 0x00007fff40059000 	C:\Windows\SYSTEM32\WSOCK32.dll
0x00007fff448d0000 - 0x00007fff44939000 	C:\Windows\system32\WS2_32.dll
0x00007fff44300000 - 0x00007fff44308000 	C:\Windows\system32\NSI.dll
0x00007fff35f60000 - 0x00007fff35f83000 	C:\Windows\SYSTEM32\WINMM.dll
0x00007fff3f900000 - 0x00007fff3f90a000 	C:\Windows\SYSTEM32\VERSION.dll
0x00007fff35f30000 - 0x00007fff35f5c000 	C:\Windows\SYSTEM32\WINMMBASE.dll
0x00007fff44020000 - 0x00007fff44064000 	C:\Windows\system32\cfgmgr32.dll
0x00007fff41e80000 - 0x00007fff41ea7000 	C:\Windows\SYSTEM32\DEVOBJ.dll
0x0000000052ed0000 - 0x0000000052edf000 	C:\Program Files\Java\jdk1.8.0_91\jre\bin\verify.dll
0x0000000052ea0000 - 0x0000000052ec9000 	C:\Program Files\Java\jdk1.8.0_91\jre\bin\java.dll
0x0000000052e80000 - 0x0000000052e96000 	C:\Program Files\Java\jdk1.8.0_91\jre\bin\zip.dll
0x00007fff45370000 - 0x00007fff46895000 	C:\Windows\system32\SHELL32.dll
0x00007fff43700000 - 0x00007fff43d28000 	C:\Windows\system32\windows.storage.dll
0x00007fff46900000 - 0x00007fff46b7c000 	C:\Windows\system32\combase.dll
0x00007fff44480000 - 0x00007fff444d1000 	C:\Windows\system32\shlwapi.dll
0x00007fff435b0000 - 0x00007fff435bf000 	C:\Windows\system32\kernel.appcore.dll
0x00007fff43f60000 - 0x00007fff44013000 	C:\Windows\system32\shcore.dll
0x00007fff43600000 - 0x00007fff4364a000 	C:\Windows\system32\powrprof.dll
0x00007fff435e0000 - 0x00007fff435f3000 	C:\Windows\system32\profapi.dll

VM Arguments:
jvm_args: -Djava.awt.headless=true -Xmx1024M -Dfile.encoding=windows-1252 -Duser.country=US -Duser.language=en -Duser.variant 
java_command: com.android.dx.command.Main --dex --force-jumbo --num-threads=4 --output C:\Users\Ruth\AndroidStudioProjects\APP_SQLITE\app\build\intermediates\pre-dexed\debug\support-annotations-23.3.0_cfac2ca977ddae5294dea809242464220e969beb.jar C:\Users\Ruth\AppData\Local\Android\sdk\extras\android\m2repository\com\android\support\support-annotations\23.3.0\support-annotations-23.3.0.jar
java_class_path (initial): C:\Users\Ruth\AppData\Local\Android\sdk\build-tools\23.0.3\lib\dx.jar
Launcher Type: SUN_STANDARD

Environment Variables:
PATH=C:\ProgramData\Oracle\Java\javapath;C:\Windows\system32;C:\Windows;C:\Windows\System32\Wbem;C:\Windows\System32\WindowsPowerShell\v1.0\
USERNAME=Ruth
OS=Windows_NT
PROCESSOR_IDENTIFIER=Intel64 Family 6 Model 23 Stepping 10, GenuineIntel



---------------  S Y S T E M  ---------------

OS: Windows 10.0 , 64 bit Build 10240 (10.0.10240.16384)

CPU:total 2 (2 cores per cpu, 1 threads per core) family 6 model 23 stepping 10, cmov, cx8, fxsr, mmx, sse, sse2, sse3, ssse3, sse4.1, tsc

Memory: 4k page, physical 4193588k(463072k free), swap 5590260k(4096k free)

vm_info: Java HotSpot(TM) 64-Bit Server VM (25.91-b14) for windows-amd64 JRE (1.8.0_91-b14), built on Apr  1 2016 00:58:32 by "java_re" with MS VC++ 10.0 (VS2010)

time: Tue May 10 10:42:28 2016
elapsed time: 0 seconds (0d 0h 0m 0s)

