#
# There is insufficient memory for the Java Runtime Environment to continue.
# Native memory allocation (malloc) failed to allocate 1132256 bytes for Chunk::new
# Possible reasons:
#   The system is out of physical RAM or swap space
#   In 32 bit mode, the process size limit was hit
# Possible solutions:
#   Reduce memory load on the system
#   Increase physical memory or swap space
#   Check if swap backing store is full
#   Use 64 bit Java on a 64 bit OS
#   Decrease Java heap size (-Xmx/-Xms)
#   Decrease number of Java threads
#   Decrease Java thread stack sizes (-Xss)
#   Set larger code cache with -XX:ReservedCodeCacheSize=
# This output file may be truncated or incomplete.
#
#  Out of Memory Error (allocation.cpp:390), pid=5016, tid=5256
#
# JRE version: Java(TM) SE Runtime Environment (8.0_91-b14) (build 1.8.0_91-b14)
# Java VM: Java HotSpot(TM) 64-Bit Server VM (25.91-b14 mixed mode windows-amd64 compressed oops)
# Failed to write core dump. Minidumps are not enabled by default on client versions of Windows
#

---------------  T H R E A D  ---------------

Current thread (0x0000000014798000):  JavaThread "C2 CompilerThread0" daemon [_thread_in_native, id=5256, stack(0x00000000157d0000,0x00000000158d0000)]

Stack: [0x00000000157d0000,0x00000000158d0000]
[error occurred during error reporting (printing stack bounds), id 0xc0000005]

Native frames: (J=compiled Java code, j=interpreted, Vv=VM code, C=native code)


Current CompileTask:
C2:   6752 1933       4       com.android.dx.cf.code.ValueAwareMachine::run (1142 bytes)


---------------  P R O C E S S  ---------------

Java Threads: ( => current thread )
  0x0000000015ea1000 JavaThread "pool-1-thread-4" [_thread_blocked, id=3412, stack(0x00000000163d0000,0x00000000164d0000)]
  0x0000000015e9a800 JavaThread "pool-1-thread-3" [_thread_in_Java, id=6352, stack(0x00000000162d0000,0x00000000163d0000)]
  0x0000000015e99800 JavaThread "pool-1-thread-2" [_thread_blocked, id=5072, stack(0x00000000161d0000,0x00000000162d0000)]
  0x0000000015e86000 JavaThread "pool-2-thread-1" [_thread_blocked, id=7076, stack(0x00000000160d0000,0x00000000161d0000)]
  0x0000000015e85000 JavaThread "pool-1-thread-1" [_thread_in_Java, id=2648, stack(0x0000000015fd0000,0x00000000160d0000)]
  0x00000000147fa000 JavaThread "Service Thread" daemon [_thread_blocked, id=2620, stack(0x00000000159d0000,0x0000000015ad0000)]
  0x000000001479c000 JavaThread "C1 CompilerThread1" daemon [_thread_blocked, id=2456, stack(0x00000000158d0000,0x00000000159d0000)]
=>0x0000000014798000 JavaThread "C2 CompilerThread0" daemon [_thread_in_native, id=5256, stack(0x00000000157d0000,0x00000000158d0000)]
  0x0000000014797000 JavaThread "Attach Listener" daemon [_thread_blocked, id=5724, stack(0x00000000156d0000,0x00000000157d0000)]
  0x000000000230e800 JavaThread "Signal Dispatcher" daemon [_thread_blocked, id=6748, stack(0x00000000155d0000,0x00000000156d0000)]
  0x0000000014788800 JavaThread "Finalizer" daemon [_thread_blocked, id=6816, stack(0x00000000153f0000,0x00000000154f0000)]
  0x00000000022fd800 JavaThread "Reference Handler" daemon [_thread_blocked, id=1156, stack(0x00000000152f0000,0x00000000153f0000)]
  0x0000000002210800 JavaThread "main" [_thread_blocked, id=4860, stack(0x0000000002110000,0x0000000002210000)]

Other Threads:
  0x0000000014766000 VMThread [stack: 0x00000000151f0000,0x00000000152f0000] [id=6400]
  0x00000000147fe800 WatcherThread [stack: 0x0000000015ad0000,0x0000000015bd0000] [id=6972]

VM state:not at safepoint (normal execution)

VM Mutex/Monitor currently owned by a thread: None

Heap:
 PSYoungGen      total 73728K, used 4071K [0x00000000eab00000, 0x00000000efd00000, 0x0000000100000000)
  eden space 64512K, 6% used [0x00000000eab00000,0x00000000eaef9f48,0x00000000eea00000)
  from space 9216K, 0% used [0x00000000eea00000,0x00000000eea00000,0x00000000ef300000)
  to   space 8192K, 0% used [0x00000000ef300000,0x00000000ef300000,0x00000000efb00000)
 ParOldGen       total 80896K, used 43351K [0x00000000c0000000, 0x00000000c4f00000, 0x00000000eab00000)
  object space 80896K, 53% used [0x00000000c0000000,0x00000000c2a55c48,0x00000000c4f00000)
 Metaspace       used 6534K, capacity 7256K, committed 7424K, reserved 1056768K
  class space    used 625K, capacity 656K, committed 768K, reserved 1048576K

Card table byte_map: [0x00000000116d0000,0x00000000118e0000] byte_map_base: 0x00000000110d0000

Marking Bits: (ParMarkBitMap*) 0x00000000536f2f70
 Begin Bits: [0x0000000011c40000, 0x0000000012c40000)
 End Bits:   [0x0000000012c40000, 0x0000000013c40000)

Polling page: 0x0000000001fd0000

CodeCache: size=245760Kb used=7535Kb max_used=7535Kb free=238224Kb
 bounds [0x0000000002310000, 0x0000000002a80000, 0x0000000011310000]
 total_blobs=2144 nmethods=1876 adapters=182
 compilation: enabled

Compilation events (10 events):
Event: 5.762 Thread 0x000000001479c000 1931       2       java.util.Arrays::sort (19 bytes)
Event: 5.762 Thread 0x000000001479c000 nmethod 1931 0x0000000002a52450 code [0x0000000002a525c0, 0x0000000002a52778]
Event: 5.762 Thread 0x000000001479c000 1932       2       java.util.DualPivotQuicksort::sort (1195 bytes)
Event: 5.764 Thread 0x000000001479c000 nmethod 1932 0x0000000002a6b690 code [0x0000000002a6b980, 0x0000000002a6ce68]
Event: 5.780 Thread 0x0000000014798000 nmethod 1882 0x0000000002a6f090 code [0x0000000002a6f2a0, 0x0000000002a70160]
Event: 5.780 Thread 0x0000000014798000 1933       4       com.android.dx.cf.code.ValueAwareMachine::run (1142 bytes)
Event: 5.806 Thread 0x000000001479c000 1935 %     3       com.android.dx.ssa.SsaRenamer::<init> @ 65 (100 bytes)
Event: 5.807 Thread 0x000000001479c000 nmethod 1935% 0x0000000002a38bd0 code [0x0000000002a38dc0, 0x0000000002a39968]
Event: 5.807 Thread 0x000000001479c000 1936       3       com.android.dx.ssa.SsaRenamer::<init> (100 bytes)
Event: 5.807 Thread 0x000000001479c000 nmethod 1936 0x0000000002a50a10 code [0x0000000002a50c00, 0x0000000002a51708]

GC Heap History (10 events):
Event: 2.916 GC heap before
{Heap before GC invocations=6 (full 0):
 PSYoungGen      total 35328K, used 35303K [0x00000000eab00000, 0x00000000efb00000, 0x0000000100000000)
  eden space 32768K, 100% used [0x00000000eab00000,0x00000000ecb00000,0x00000000ecb00000)
  from space 2560K, 99% used [0x00000000ecb00000,0x00000000ecd79c90,0x00000000ecd80000)
  to   space 8192K, 0% used [0x00000000ef300000,0x00000000ef300000,0x00000000efb00000)
 ParOldGen       total 44032K, used 13738K [0x00000000c0000000, 0x00000000c2b00000, 0x00000000eab00000)
  object space 44032K, 31% used [0x00000000c0000000,0x00000000c0d6a910,0x00000000c2b00000)
 Metaspace       used 6314K, capacity 7154K, committed 7296K, reserved 1056768K
  class space    used 605K, capacity 618K, committed 640K, reserved 1048576K
Event: 2.965 GC heap after
Heap after GC invocations=6 (full 0):
 PSYoungGen      total 72704K, used 7756K [0x00000000eab00000, 0x00000000efd00000, 0x0000000100000000)
  eden space 64512K, 0% used [0x00000000eab00000,0x00000000eab00000,0x00000000eea00000)
  from space 8192K, 94% used [0x00000000ef300000,0x00000000efa930d0,0x00000000efb00000)
  to   space 9216K, 0% used [0x00000000eea00000,0x00000000eea00000,0x00000000ef300000)
 ParOldGen       total 44032K, used 13738K [0x00000000c0000000, 0x00000000c2b00000, 0x00000000eab00000)
  object space 44032K, 31% used [0x00000000c0000000,0x00000000c0d6a910,0x00000000c2b00000)
 Metaspace       used 6314K, capacity 7154K, committed 7296K, reserved 1056768K
  class space    used 605K, capacity 618K, committed 640K, reserved 1048576K
}
Event: 3.862 GC heap before
{Heap before GC invocations=7 (full 0):
 PSYoungGen      total 72704K, used 72268K [0x00000000eab00000, 0x00000000efd00000, 0x0000000100000000)
  eden space 64512K, 100% used [0x00000000eab00000,0x00000000eea00000,0x00000000eea00000)
  from space 8192K, 94% used [0x00000000ef300000,0x00000000efa930d0,0x00000000efb00000)
  to   space 9216K, 0% used [0x00000000eea00000,0x00000000eea00000,0x00000000ef300000)
 ParOldGen       total 44032K, used 13738K [0x00000000c0000000, 0x00000000c2b00000, 0x00000000eab00000)
  object space 44032K, 31% used [0x00000000c0000000,0x00000000c0d6a910,0x00000000c2b00000)
 Metaspace       used 6419K, capacity 7192K, committed 7424K, reserved 1056768K
  class space    used 625K, capacity 656K, committed 768K, reserved 1048576K
Event: 3.966 GC heap after
Heap after GC invocations=7 (full 0):
 PSYoungGen      total 73728K, used 9212K [0x00000000eab00000, 0x00000000efd00000, 0x0000000100000000)
  eden space 64512K, 0% used [0x00000000eab00000,0x00000000eab00000,0x00000000eea00000)
  from space 9216K, 99% used [0x00000000eea00000,0x00000000ef2ff2e8,0x00000000ef300000)
  to   space 8192K, 0% used [0x00000000ef300000,0x00000000ef300000,0x00000000efb00000)
 ParOldGen       total 44032K, used 20498K [0x00000000c0000000, 0x00000000c2b00000, 0x00000000eab00000)
  object space 44032K, 46% used [0x00000000c0000000,0x00000000c1404a40,0x00000000c2b00000)
 Metaspace       used 6419K, capacity 7192K, committed 7424K, reserved 1056768K
  class space    used 625K, capacity 656K, committed 768K, reserved 1048576K
}
Event: 4.731 GC heap before
{Heap before GC invocations=8 (full 0):
 PSYoungGen      total 73728K, used 73724K [0x00000000eab00000, 0x00000000efd00000, 0x0000000100000000)
  eden space 64512K, 100% used [0x00000000eab00000,0x00000000eea00000,0x00000000eea00000)
  from space 9216K, 99% used [0x00000000eea00000,0x00000000ef2ff2e8,0x00000000ef300000)
  to   space 8192K, 0% used [0x00000000ef300000,0x00000000ef300000,0x00000000efb00000)
 ParOldGen       total 44032K, used 20498K [0x00000000c0000000, 0x00000000c2b00000, 0x00000000eab00000)
  object space 44032K, 46% used [0x00000000c0000000,0x00000000c1404a40,0x00000000c2b00000)
 Metaspace       used 6507K, capacity 7256K, committed 7424K, reserved 1056768K
  class space    used 625K, capacity 656K, committed 768K, reserved 1048576K
Event: 4.785 GC heap after
Heap after GC invocations=8 (full 0):
 PSYoungGen      total 72704K, used 8176K [0x00000000eab00000, 0x00000000efd00000, 0x0000000100000000)
  eden space 64512K, 0% used [0x00000000eab00000,0x00000000eab00000,0x00000000eea00000)
  from space 8192K, 99% used [0x00000000ef300000,0x00000000efafc008,0x00000000efb00000)
  to   space 9216K, 0% used [0x00000000eea00000,0x00000000eea00000,0x00000000ef300000)
 ParOldGen       total 44032K, used 29875K [0x00000000c0000000, 0x00000000c2b00000, 0x00000000eab00000)
  object space 44032K, 67% used [0x00000000c0000000,0x00000000c1d2cf28,0x00000000c2b00000)
 Metaspace       used 6507K, capacity 7256K, committed 7424K, reserved 1056768K
  class space    used 625K, capacity 656K, committed 768K, reserved 1048576K
}
Event: 5.809 GC heap before
{Heap before GC invocations=9 (full 0):
 PSYoungGen      total 72704K, used 72688K [0x00000000eab00000, 0x00000000efd00000, 0x0000000100000000)
  eden space 64512K, 100% used [0x00000000eab00000,0x00000000eea00000,0x00000000eea00000)
  from space 8192K, 99% used [0x00000000ef300000,0x00000000efafc008,0x00000000efb00000)
  to   space 9216K, 0% used [0x00000000eea00000,0x00000000eea00000,0x00000000ef300000)
 ParOldGen       total 44032K, used 29875K [0x00000000c0000000, 0x00000000c2b00000, 0x00000000eab00000)
  object space 44032K, 67% used [0x00000000c0000000,0x00000000c1d2cf28,0x00000000c2b00000)
 Metaspace       used 6533K, capacity 7256K, committed 7424K, reserved 1056768K
  class space    used 625K, capacity 656K, committed 768K, reserved 1048576K
Event: 5.889 GC heap after
Heap after GC invocations=9 (full 0):
 PSYoungGen      total 73728K, used 9214K [0x00000000eab00000, 0x00000000efd00000, 0x0000000100000000)
  eden space 64512K, 0% used [0x00000000eab00000,0x00000000eab00000,0x00000000eea00000)
  from space 9216K, 99% used [0x00000000eea00000,0x00000000ef2ff968,0x00000000ef300000)
  to   space 8192K, 0% used [0x00000000ef300000,0x00000000ef300000,0x00000000efb00000)
 ParOldGen       total 44032K, used 38079K [0x00000000c0000000, 0x00000000c2b00000, 0x00000000eab00000)
  object space 44032K, 86% used [0x00000000c0000000,0x00000000c252fd40,0x00000000c2b00000)
 Metaspace       used 6533K, capacity 7256K, committed 7424K, reserved 1056768K
  class space    used 625K, capacity 656K, committed 768K, reserved 1048576K
}
Event: 5.889 GC heap before
{Heap before GC invocations=10 (full 1):
 PSYoungGen      total 73728K, used 9214K [0x00000000eab00000, 0x00000000efd00000, 0x0000000100000000)
  eden space 64512K, 0% used [0x00000000eab00000,0x00000000eab00000,0x00000000eea00000)
  from space 9216K, 99% used [0x00000000eea00000,0x00000000ef2ff968,0x00000000ef300000)
  to   space 8192K, 0% used [0x00000000ef300000,0x00000000ef300000,0x00000000efb00000)
 ParOldGen       total 44032K, used 38079K [0x00000000c0000000, 0x00000000c2b00000, 0x00000000eab00000)
  object space 44032K, 86% used [0x00000000c0000000,0x00000000c252fd40,0x00000000c2b00000)
 Metaspace       used 6533K, capacity 7256K, committed 7424K, reserved 1056768K
  class space    used 625K, capacity 656K, committed 768K, reserved 1048576K
Event: 6.733 GC heap after
Heap after GC invocations=10 (full 1):
 PSYoungGen      total 73728K, used 0K [0x00000000eab00000, 0x00000000efd00000, 0x0000000100000000)
  eden space 64512K, 0% used [0x00000000eab00000,0x00000000eab00000,0x00000000eea00000)
  from space 9216K, 0% used [0x00000000eea00000,0x00000000eea00000,0x00000000ef300000)
  to   space 8192K, 0% used [0x00000000ef300000,0x00000000ef300000,0x00000000efb00000)
 ParOldGen       total 80896K, used 43351K [0x00000000c0000000, 0x00000000c4f00000, 0x00000000eab00000)
  object space 80896K, 53% used [0x00000000c0000000,0x00000000c2a55c48,0x00000000c4f00000)
 Metaspace       used 6533K, capacity 7256K, committed 7424K, reserved 1056768K
  class space    used 625K, capacity 656K, committed 768K, reserved 1048576K
}

Deoptimization events (10 events):
Event: 3.537 Thread 0x0000000002210800 Uncommon trap: reason=unstable_if action=reinterpret pc=0x0000000002534e50 method=java.util.HashMap.getNode(ILjava/lang/Object;)Ljava/util/HashMap$Node; @ 84
Event: 3.543 Thread 0x0000000002210800 Uncommon trap: reason=unstable_if action=reinterpret pc=0x00000000028ea7c4 method=java.util.HashMap.putVal(ILjava/lang/Object;Ljava/lang/Object;ZZ)Ljava/lang/Object; @ 162
Event: 3.701 Thread 0x0000000015e99800 Uncommon trap: reason=bimorphic action=maybe_recompile pc=0x0000000002981a34 method=com.android.dx.rop.code.RegisterSpec.withSimpleType()Lcom/android/dx/rop/code/RegisterSpec; @ 21
Event: 3.720 Thread 0x0000000015ea1000 Uncommon trap: reason=unstable_if action=reinterpret pc=0x000000000298fbe4 method=com.android.dx.ssa.LiteralOpUpgrader$1.visitNonMoveInsn(Lcom/android/dx/ssa/NormalSsaInsn;)V @ 176
Event: 3.729 Thread 0x0000000015e85000 Uncommon trap: reason=bimorphic action=maybe_recompile pc=0x0000000002981a34 method=com.android.dx.rop.code.RegisterSpec.withSimpleType()Lcom/android/dx/rop/code/RegisterSpec; @ 21
Event: 4.079 Thread 0x0000000015e9a800 Uncommon trap: reason=unstable_if action=reinterpret pc=0x000000000297bc94 method=com.android.dx.ssa.MoveParamCombiner$1.visitNonMoveInsn(Lcom/android/dx/ssa/NormalSsaInsn;)V @ 27
Event: 4.455 Thread 0x0000000002210800 Uncommon trap: reason=bimorphic action=maybe_recompile pc=0x0000000002981a34 method=com.android.dx.rop.code.RegisterSpec.withSimpleType()Lcom/android/dx/rop/code/RegisterSpec; @ 21
Event: 4.465 Thread 0x0000000002210800 Uncommon trap: reason=bimorphic action=maybe_recompile pc=0x0000000002981a34 method=com.android.dx.rop.code.RegisterSpec.withSimpleType()Lcom/android/dx/rop/code/RegisterSpec; @ 21
Event: 5.032 Thread 0x0000000015e9a800 Uncommon trap: reason=unstable_if action=reinterpret pc=0x000000000294ccac method=com.android.dx.ssa.SCCP.simulateBranch(Lcom/android/dx/ssa/SsaInsn;)V @ 548
Event: 5.342 Thread 0x0000000015e99800 Uncommon trap: reason=unstable_if action=reinterpret pc=0x000000000297e3cc method=com.android.dx.rop.cst.CstNat.equals(Ljava/lang/Object;)Z @ 25

Internal exceptions (6 events):
Event: 0.044 Thread 0x0000000002210800 Exception <a 'java/lang/NoSuchMethodError': Method sun.misc.Unsafe.defineClass(Ljava/lang/String;[BII)Ljava/lang/Class; name or signature does not match> (0x00000000eab07cc0) thrown at [C:\re\workspace\8-2-build-windows-amd64-cygwin\jdk8u91\6644\hotspot\sr\†>.Ž¦?
Event: 0.044 Thread 0x0000000002210800 Exception <a 'java/lang/NoSuchMethodError': Method sun.misc.Unsafe.prefetchRead(Ljava/lang/Object;J)V name or signature does not match> (0x00000000eab07fa8) thrown at [C:\re\workspace\8-2-build-windows-amd64-cygwin\jdk8u91\6644\hotspot\src\share\vm\prims\j;#Þ_õºù?
Event: 1.608 Thread 0x0000000015e9a800 Implicit null exception at 0x00000000025f3c44 to 0x00000000025f538d
Event: 3.154 Thread 0x0000000002210800 Exception <a 'java/lang/ArrayIndexOutOfBoundsException': 18> (0x00000000ec818c48) thrown at [C:\re\workspace\8-2-build-windows-amd64-cygwin\jdk8u91\6644\hotspot\src\share\vm\interpreter\interpreterRuntime.cpp, line 366]
Event: 3.154 Thread 0x0000000002210800 Exception <a 'java/lang/ArrayIndexOutOfBoundsException'> (0x00000000ec81a7c8) thrown at [C:\re\workspace\8-2-build-windows-amd64-cygwin\jdk8u91\6644\hotspot\src\share\vm\runtime\sharedRuntime.cpp, line 605]
Event: 3.155 Thread 0x0000000002210800 Exception <a 'java/lang/ArrayIndexOutOfBoundsException'> (0x00000000ec81bab0) thrown at [C:\re\workspace\8-2-build-windows-amd64-cygwin\jdk8u91\6644\hotspot\src\share\vm\runtime\sharedRuntime.cpp, line 605]

Events (10 events):
Event: 5.032 Thread 0x0000000015e9a800 DEOPT UNPACKING pc=0x000000000235556a sp=0x00000000163ce3a8 mode 2
Event: 5.342 Thread 0x0000000015e99800 Uncommon trap: trap_request=0xffffff65 fr.pc=0x000000000297e3cc
Event: 5.342 Thread 0x0000000015e99800 DEOPT PACKING pc=0x000000000297e3cc sp=0x00000000162cd9f0
Event: 5.342 Thread 0x0000000015e99800 DEOPT UNPACKING pc=0x000000000235556a sp=0x00000000162cd910 mode 2
Event: 5.758 Thread 0x0000000002210800 DEOPT PACKING pc=0x0000000002a0be42 sp=0x000000000220e290
Event: 5.758 Thread 0x0000000002210800 DEOPT UNPACKING pc=0x00000000023571bf sp=0x000000000220e050 mode 0
Event: 5.807 Thread 0x0000000015e85000 DEOPT PACKING pc=0x0000000002864a82 sp=0x00000000160ce820
Event: 5.807 Thread 0x0000000015e85000 DEOPT UNPACKING pc=0x00000000023571bf sp=0x00000000160ce5a0 mode 0
Event: 5.809 Executing VM operation: ParallelGCFailedAllocation
Event: 6.733 Executing VM operation: ParallelGCFailedAllocation done


Dynamic libraries:
0x00007ff7ee420000 - 0x00007ff7ee457000 	C:\Program Files\Java\jdk1.8.0_91\bin\java.exe
0x00007fff46b80000 - 0x00007fff46d42000 	C:\Windows\SYSTEM32\ntdll.dll
0x00007fff45150000 - 0x00007fff451fd000 	C:\Windows\system32\KERNEL32.DLL
0x00007fff44070000 - 0x00007fff4424d000 	C:\Windows\system32\KERNELBASE.dll
0x00007fff44250000 - 0x00007fff442f6000 	C:\Windows\system32\ADVAPI32.dll
0x00007fff45040000 - 0x00007fff450dd000 	C:\Windows\system32\msvcrt.dll
0x00007fff44e40000 - 0x00007fff44e9b000 	C:\Windows\system32\sechost.dll
0x00007fff45200000 - 0x00007fff45326000 	C:\Windows\system32\RPCRT4.dll
0x00007fff44940000 - 0x00007fff44a8e000 	C:\Windows\system32\USER32.dll
0x00007fff44eb0000 - 0x00007fff45035000 	C:\Windows\system32\GDI32.dll
0x00007fff38000000 - 0x00007fff38274000 	C:\Windows\WinSxS\amd64_microsoft.windows.common-controls_6595b64144ccf1df_6.0.10240.16384_none_f41f7b285750ef43\COMCTL32.dll
0x00007fff45330000 - 0x00007fff45366000 	C:\Windows\system32\IMM32.DLL
0x00007fff44cc0000 - 0x00007fff44e1c000 	C:\Windows\system32\MSCTF.dll
0x00000000527d0000 - 0x00000000528a2000 	C:\Program Files\Java\jdk1.8.0_91\jre\bin\msvcr100.dll
0x0000000052ee0000 - 0x0000000053773000 	C:\Program Files\Java\jdk1.8.0_91\jre\bin\server\jvm.dll
0x00007fff44690000 - 0x00007fff44698000 	C:\Windows\system32\PSAPI.DLL
0x00007fff40050000 - 0x00007fff40059000 	C:\Windows\SYSTEM32\WSOCK32.dll
0x00007fff448d0000 - 0x00007fff44939000 	C:\Windows\system32\WS2_32.dll
0x00007fff44300000 - 0x00007fff44308000 	C:\Windows\system32\NSI.dll
0x00007fff35f60000 - 0x00007fff35f83000 	C:\Windows\SYSTEM32\WINMM.dll
0x00007fff3f900000 - 0x00007fff3f90a000 	C:\Windows\SYSTEM32\VERSION.dll
0x00007fff35f30000 - 0x00007fff35f5c000 	C:\Windows\SYSTEM32\WINMMBASE.dll
0x00007fff44020000 - 0x00007fff44064000 	C:\Windows\system32\cfgmgr32.dll
0x00007fff41e80000 - 0x00007fff41ea7000 	C:\Windows\SYSTEM32\DEVOBJ.dll
0x0000000052ed0000 - 0x0000000052edf000 	C:\Program Files\Java\jdk1.8.0_91\jre\bin\verify.dll
0x0000000052ea0000 - 0x0000000052ec9000 	C:\Program Files\Java\jdk1.8.0_91\jre\bin\java.dll
0x0000000052e80000 - 0x0000000052e96000 	C:\Program Files\Java\jdk1.8.0_91\jre\bin\zip.dll
0x00007fff45370000 - 0x00007fff46895000 	C:\Windows\system32\SHELL32.dll
0x00007fff43700000 - 0x00007fff43d28000 	C:\Windows\system32\windows.storage.dll
0x00007fff46900000 - 0x00007fff46b7c000 	C:\Windows\system32\combase.dll
0x00007fff44480000 - 0x00007fff444d1000 	C:\Windows\system32\shlwapi.dll
0x00007fff435b0000 - 0x00007fff435bf000 	C:\Windows\system32\kernel.appcore.dll
0x00007fff43f60000 - 0x00007fff44013000 	C:\Windows\system32\shcore.dll
0x00007fff43600000 - 0x00007fff4364a000 	C:\Windows\system32\powrprof.dll
0x00007fff435e0000 - 0x00007fff435f3000 	C:\Windows\system32\profapi.dll

VM Arguments:
jvm_args: -Djava.awt.headless=true -Xmx1024M -Dfile.encoding=windows-1252 -Duser.country=US -Duser.language=en -Duser.variant 
java_command: com.android.dx.command.Main --dex --force-jumbo --num-threads=4 --output C:\Users\Ruth\AndroidStudioProjects\APP_SQLITE\app\build\intermediates\pre-dexed\debug\com.android.support-appcompat-v7-23.3.0_413c90e362ee3cabcd3b8093543e617db046bfcd.jar C:\Users\Ruth\AndroidStudioProjects\APP_SQLITE\app\build\intermediates\exploded-aar\com.android.support\appcompat-v7\23.3.0\jars\classes.jar
java_class_path (initial): C:\Users\Ruth\AppData\Local\Android\sdk\build-tools\23.0.3\lib\dx.jar
Launcher Type: SUN_STANDARD

Environment Variables:
PATH=C:\ProgramData\Oracle\Java\javapath;C:\Windows\system32;C:\Windows;C:\Windows\System32\Wbem;C:\Windows\System32\WindowsPowerShell\v1.0\
USERNAME=Ruth
OS=Windows_NT
PROCESSOR_IDENTIFIER=Intel64 Family 6 Model 23 Stepping 10, GenuineIntel



---------------  S Y S T E M  ---------------

OS: Windows 10.0 , 64 bit Build 10240 (10.0.10240.16384)

CPU:total 2 (2 cores per cpu, 1 threads per core) family 6 model 23 stepping 10, cmov, cx8, fxsr, mmx, sse, sse2, sse3, ssse3, sse4.1, tsc

Memory: 4k page, physical 4193588k(245812k free), swap 5590260k(5676k free)

vm_info: Java HotSpot(TM) 64-Bit Server VM (25.91-b14) for windows-amd64 JRE (1.8.0_91-b14), built on Apr  1 2016 00:58:32 by "java_re" with MS VC++ 10.0 (VS2010)

time: Tue May 10 10:42:36 2016
elapsed time: 6 seconds (0d 0h 0m 6s)

