#
# There is insufficient memory for the Java Runtime Environment to continue.
# Native memory allocation (malloc) failed to allocate 16136 bytes for AllocateHeap
# Possible reasons:
#   The system is out of physical RAM or swap space
#   In 32 bit mode, the process size limit was hit
# Possible solutions:
#   Reduce memory load on the system
#   Increase physical memory or swap space
#   Check if swap backing store is full
#   Use 64 bit Java on a 64 bit OS
#   Decrease Java heap size (-Xmx/-Xms)
#   Decrease number of Java threads
#   Decrease Java thread stack sizes (-Xss)
#   Set larger code cache with -XX:ReservedCodeCacheSize=
# This output file may be truncated or incomplete.
#
#  Out of Memory Error (memory/allocation.inline.hpp:61), pid=7000, tid=156
#
# JRE version:  (8.0_91-b14) (build )
# Java VM: Java HotSpot(TM) 64-Bit Server VM (25.91-b14 mixed mode windows-amd64 compressed oops)
# Failed to write core dump. Minidumps are not enabled by default on client versions of Windows
#

---------------  T H R E A D  ---------------

Current thread (0x00000000028b0800):  JavaThread "Unknown thread" [_thread_in_vm, id=156, stack(0x00000000026b0000,0x00000000027b0000)]

Stack: [0x00000000026b0000,0x00000000027b0000]
[error occurred during error reporting (printing stack bounds), id 0xc0000005]

Native frames: (J=compiled Java code, j=interpreted, Vv=VM code, C=native code)


---------------  P R O C E S S  ---------------

Java Threads: ( => current thread )

Other Threads:

=>0x00000000028b0800 (exited) JavaThread "Unknown thread" [_thread_in_vm, id=156, stack(0x00000000026b0000,0x00000000027b0000)]

VM state:not at safepoint (not fully initialized)

VM Mutex/Monitor currently owned by a thread: None

GC Heap History (0 events):
No events

Deoptimization events (0 events):
No events

Internal exceptions (0 events):
No events

Events (0 events):
No events


Dynamic libraries:
0x00007ff7ee420000 - 0x00007ff7ee457000 	C:\Program Files\Java\jdk1.8.0_91\bin\java.exe
0x00007fff46b80000 - 0x00007fff46d42000 	C:\Windows\SYSTEM32\ntdll.dll
0x00007fff45150000 - 0x00007fff451fd000 	C:\Windows\system32\KERNEL32.DLL
0x00007fff44070000 - 0x00007fff4424d000 	C:\Windows\system32\KERNELBASE.dll
0x00007fff44250000 - 0x00007fff442f6000 	C:\Windows\system32\ADVAPI32.dll
0x00007fff45040000 - 0x00007fff450dd000 	C:\Windows\system32\msvcrt.dll
0x00007fff44e40000 - 0x00007fff44e9b000 	C:\Windows\system32\sechost.dll
0x00007fff45200000 - 0x00007fff45326000 	C:\Windows\system32\RPCRT4.dll
0x00007fff44940000 - 0x00007fff44a8e000 	C:\Windows\system32\USER32.dll
0x00007fff44eb0000 - 0x00007fff45035000 	C:\Windows\system32\GDI32.dll
0x00007fff38000000 - 0x00007fff38274000 	C:\Windows\WinSxS\amd64_microsoft.windows.common-controls_6595b64144ccf1df_6.0.10240.16384_none_f41f7b285750ef43\COMCTL32.dll
0x00007fff45330000 - 0x00007fff45366000 	C:\Windows\system32\IMM32.DLL
0x00007fff44cc0000 - 0x00007fff44e1c000 	C:\Windows\system32\MSCTF.dll
0x00000000527d0000 - 0x00000000528a2000 	C:\Program Files\Java\jdk1.8.0_91\jre\bin\msvcr100.dll
0x0000000052ee0000 - 0x0000000053773000 	C:\Program Files\Java\jdk1.8.0_91\jre\bin\server\jvm.dll
0x00007fff44690000 - 0x00007fff44698000 	C:\Windows\system32\PSAPI.DLL
0x00007fff40050000 - 0x00007fff40059000 	C:\Windows\SYSTEM32\WSOCK32.dll
0x00007fff448d0000 - 0x00007fff44939000 	C:\Windows\system32\WS2_32.dll
0x00007fff44300000 - 0x00007fff44308000 	C:\Windows\system32\NSI.dll
0x00007fff35f60000 - 0x00007fff35f83000 	C:\Windows\SYSTEM32\WINMM.dll
0x00007fff3f900000 - 0x00007fff3f90a000 	C:\Windows\SYSTEM32\VERSION.dll
0x00007fff35f30000 - 0x00007fff35f5c000 	C:\Windows\SYSTEM32\WINMMBASE.dll
0x00007fff44020000 - 0x00007fff44064000 	C:\Windows\system32\cfgmgr32.dll
0x00007fff41e80000 - 0x00007fff41ea7000 	C:\Windows\SYSTEM32\DEVOBJ.dll
0x0000000052ed0000 - 0x0000000052edf000 	C:\Program Files\Java\jdk1.8.0_91\jre\bin\verify.dll
0x0000000052ea0000 - 0x0000000052ec9000 	C:\Program Files\Java\jdk1.8.0_91\jre\bin\java.dll
0x0000000052e80000 - 0x0000000052e96000 	C:\Program Files\Java\jdk1.8.0_91\jre\bin\zip.dll

VM Arguments:
jvm_args: -Djava.awt.headless=true -Xmx1024M -Dfile.encoding=windows-1252 -Duser.country=US -Duser.language=en -Duser.variant 
java_command: com.android.dx.command.Main --dex --force-jumbo --num-threads=4 --output C:\Users\Ruth\AndroidStudioProjects\APP_SQLITE\app\build\intermediates\pre-dexed\debug\com.android.support-animated-vector-drawable-23.3.0_62e8c51d5fc1160028503a1216545a29c694e1de.jar C:\Users\Ruth\AndroidStudioProjects\APP_SQLITE\app\build\intermediates\exploded-aar\com.android.support\animated-vector-drawable\23.3.0\jars\classes.jar
java_class_path (initial): C:\Users\Ruth\AppData\Local\Android\sdk\build-tools\23.0.3\lib\dx.jar
Launcher Type: SUN_STANDARD

Environment Variables:
PATH=C:\ProgramData\Oracle\Java\javapath;C:\Windows\system32;C:\Windows;C:\Windows\System32\Wbem;C:\Windows\System32\WindowsPowerShell\v1.0\
USERNAME=Ruth
OS=Windows_NT
PROCESSOR_IDENTIFIER=Intel64 Family 6 Model 23 Stepping 10, GenuineIntel



---------------  S Y S T E M  ---------------

OS: Windows 10.0 , 64 bit Build 10240 (10.0.10240.16384)

CPU:total 2 (2 cores per cpu, 1 threads per core) family 6 model 23 stepping 10, cmov, cx8, fxsr, mmx, sse, sse2, sse3, ssse3, sse4.1, tsc

Memory: 4k page, physical 4193588k(468264k free), swap 5590260k(6904k free)

vm_info: Java HotSpot(TM) 64-Bit Server VM (25.91-b14) for windows-amd64 JRE (1.8.0_91-b14), built on Apr  1 2016 00:58:32 by "java_re" with MS VC++ 10.0 (VS2010)

time: Tue May 10 10:42:28 2016
elapsed time: 0 seconds (0d 0h 0m 0s)

